# JRE version: Java(TM) SE Runtime Environment (7.0_40-b43) (build 1.7.0_40-b43)
# Java VM: Java HotSpot(TM) 64-Bit Server VM (24.0-b56 mixed mode windows-amd64 compressed oops)
Heap
 PSYoungGen      total 29696K, used 29234K [0x00000007d5e80000, 0x00000007db280000, 0x0000000800000000)
  eden space 29184K, 99% used [0x00000007d5e80000,0x00000007d7af4848,0x00000007d7b00000)
  from space 512K, 18% used [0x00000007db180000,0x00000007db198000,0x00000007db200000)
  to   space 512K, 0% used [0x00000007db200000,0x00000007db200000,0x00000007db280000)
 ParOldGen       total 86016K, used 8955K [0x0000000781c00000, 0x0000000787000000, 0x00000007d5e80000)
  object space 86016K, 10% used [0x0000000781c00000,0x00000007824beed8,0x0000000787000000)
 PSPermGen       total 21504K, used 9538K [0x000000077ca00000, 0x000000077df00000, 0x0000000781c00000)
  object space 21504K, 44% used [0x000000077ca00000,0x000000077d350a20,0x000000077df00000)
GC Heap History (10 events):
Event: 26.312 GC heap before
{Heap before GC invocations=61 (full 0):
 PSYoungGen      total 32256K, used 31840K [0x00000007d5e80000, 0x00000007db280000, 0x0000000800000000)
  eden space 31744K, 100% used [0x00000007d5e80000,0x00000007d7d80000,0x00000007d7d80000)
  from space 512K, 18% used [0x00000007db200000,0x00000007db218000,0x00000007db280000)
  to   space 512K, 0% used [0x00000007db180000,0x00000007db180000,0x00000007db200000)
 ParOldGen       total 86016K, used 8919K [0x0000000781c00000, 0x0000000787000000, 0x00000007d5e80000)
  object space 86016K, 10% used [0x0000000781c00000,0x00000007824b5d58,0x0000000787000000)
 PSPermGen       total 21504K, used 9538K [0x000000077ca00000, 0x000000077df00000, 0x0000000781c00000)
  object space 21504K, 44% used [0x000000077ca00000,0x000000077d350a20,0x000000077df00000)
Event: 26.313 GC heap after
Heap after GC invocations=61 (full 0):
 PSYoungGen      total 31744K, used 64K [0x00000007d5e80000, 0x00000007db280000, 0x0000000800000000)
  eden space 31232K, 0% used [0x00000007d5e80000,0x00000007d5e80000,0x00000007d7d00000)
  from space 512K, 12% used [0x00000007db180000,0x00000007db190000,0x00000007db200000)
  to   space 512K, 0% used [0x00000007db200000,0x00000007db200000,0x00000007db280000)
 ParOldGen       total 86016K, used 8919K [0x0000000781c00000, 0x0000000787000000, 0x00000007d5e80000)
  object space 86016K, 10% used [0x0000000781c00000,0x00000007824b5d58,0x0000000787000000)
 PSPermGen       total 21504K, used 9538K [0x000000077ca00000, 0x000000077df00000, 0x0000000781c00000)
  object space 21504K, 44% used [0x000000077ca00000,0x000000077d350a20,0x000000077df00000)
}
Event: 26.515 GC heap before
{Heap before GC invocations=62 (full 0):
 PSYoungGen      total 31744K, used 31296K [0x00000007d5e80000, 0x00000007db280000, 0x0000000800000000)
  eden space 31232K, 100% used [0x00000007d5e80000,0x00000007d7d00000,0x00000007d7d00000)
  from space 512K, 12% used [0x00000007db180000,0x00000007db190000,0x00000007db200000)
  to   space 512K, 0% used [0x00000007db200000,0x00000007db200000,0x00000007db280000)
 ParOldGen       total 86016K, used 8921K [0x0000000781c00000, 0x0000000787000000, 0x00000007d5e80000)
  object space 86016K, 10% used [0x0000000781c00000,0x00000007824b65a0,0x0000000787000000)
 PSPermGen       total 21504K, used 9538K [0x000000077ca00000, 0x000000077df00000, 0x0000000781c00000)
  object space 21504K, 44% used [0x000000077ca00000,0x000000077d350a20,0x000000077df00000)
Event: 26.516 GC heap after
Heap after GC invocations=62 (full 0):
 PSYoungGen      total 31232K, used 96K [0x00000007d5e80000, 0x00000007db280000, 0x0000000800000000)
  eden space 30720K, 0% used [0x00000007d5e80000,0x00000007d5e80000,0x00000007d7c80000)
  from space 512K, 18% used [0x00000007db200000,0x00000007db218000,0x00000007db280000)
  to   space 512K, 0% used [0x00000007db180000,0x00000007db180000,0x00000007db200000)
 ParOldGen       total 86016K, used 8929K [0x0000000781c00000, 0x0000000787000000, 0x00000007d5e80000)
  object space 86016K, 10% used [0x0000000781c00000,0x00000007824b85a0,0x0000000787000000)
 PSPermGen       total 21504K, used 9538K [0x000000077ca00000, 0x000000077df00000, 0x0000000781c00000)
  object space 21504K, 44% used [0x000000077ca00000,0x000000077d350a20,0x000000077df00000)
}
Event: 26.716 GC heap before
{Heap before GC invocations=63 (full 0):
 PSYoungGen      total 31232K, used 30816K [0x00000007d5e80000, 0x00000007db280000, 0x0000000800000000)
  eden space 30720K, 100% used [0x00000007d5e80000,0x00000007d7c80000,0x00000007d7c80000)
  from space 512K, 18% used [0x00000007db200000,0x00000007db218000,0x00000007db280000)
  to   space 512K, 0% used [0x00000007db180000,0x00000007db180000,0x00000007db200000)
 ParOldGen       total 86016K, used 8931K [0x0000000781c00000, 0x0000000787000000, 0x00000007d5e80000)
  object space 86016K, 10% used [0x0000000781c00000,0x00000007824b8ec0,0x0000000787000000)
 PSPermGen       total 21504K, used 9538K [0x000000077ca00000, 0x000000077df00000, 0x0000000781c00000)
  object space 21504K, 44% used [0x000000077ca00000,0x000000077d350a20,0x000000077df00000)
Event: 26.717 GC heap after
Heap after GC invocations=63 (full 0):
 PSYoungGen      total 30720K, used 96K [0x00000007d5e80000, 0x00000007db280000, 0x0000000800000000)
  eden space 30208K, 0% used [0x00000007d5e80000,0x00000007d5e80000,0x00000007d7c00000)
  from space 512K, 18% used [0x00000007db180000,0x00000007db198000,0x00000007db200000)
  to   space 512K, 0% used [0x00000007db200000,0x00000007db200000,0x00000007db280000)
 ParOldGen       total 86016K, used 8947K [0x0000000781c00000, 0x0000000787000000, 0x00000007d5e80000)
  object space 86016K, 10% used [0x0000000781c00000,0x00000007824bcec0,0x0000000787000000)
 PSPermGen       total 21504K, used 9538K [0x000000077ca00000, 0x000000077df00000, 0x0000000781c00000)
  object space 21504K, 44% used [0x000000077ca00000,0x000000077d350a20,0x000000077df00000)
}
Event: 26.910 GC heap before
{Heap before GC invocations=64 (full 0):
 PSYoungGen      total 30720K, used 30304K [0x00000007d5e80000, 0x00000007db280000, 0x0000000800000000)
  eden space 30208K, 100% used [0x00000007d5e80000,0x00000007d7c00000,0x00000007d7c00000)
  from space 512K, 18% used [0x00000007db180000,0x00000007db198000,0x00000007db200000)
  to   space 512K, 0% used [0x00000007db200000,0x00000007db200000,0x00000007db280000)
 ParOldGen       total 86016K, used 8947K [0x0000000781c00000, 0x0000000787000000, 0x00000007d5e80000)
  object space 86016K, 10% used [0x0000000781c00000,0x00000007824bcec0,0x0000000787000000)
 PSPermGen       total 21504K, used 9538K [0x000000077ca00000, 0x000000077df00000, 0x0000000781c00000)
  object space 21504K, 44% used [0x000000077ca00000,0x000000077d350a20,0x000000077df00000)
Event: 26.911 GC heap after
Heap after GC invocations=64 (full 0):
 PSYoungGen      total 30208K, used 96K [0x00000007d5e80000, 0x00000007db280000, 0x0000000800000000)
  eden space 29696K, 0% used [0x00000007d5e80000,0x00000007d5e80000,0x00000007d7b80000)
  from space 512K, 18% used [0x00000007db200000,0x00000007db218000,0x00000007db280000)
  to   space 512K, 0% used [0x00000007db180000,0x00000007db180000,0x00000007db200000)
 ParOldGen       total 86016K, used 8955K [0x0000000781c00000, 0x0000000787000000, 0x00000007d5e80000)
  object space 86016K, 10% used [0x0000000781c00000,0x00000007824beec0,0x0000000787000000)
 PSPermGen       total 21504K, used 9538K [0x000000077ca00000, 0x000000077df00000, 0x0000000781c00000)
  object space 21504K, 44% used [0x000000077ca00000,0x000000077d350a20,0x000000077df00000)
}
Event: 27.099 GC heap before
{Heap before GC invocations=65 (full 0):
 PSYoungGen      total 30208K, used 29792K [0x00000007d5e80000, 0x00000007db280000, 0x0000000800000000)
  eden space 29696K, 100% used [0x00000007d5e80000,0x00000007d7b80000,0x00000007d7b80000)
  from space 512K, 18% used [0x00000007db200000,0x00000007db218000,0x00000007db280000)
  to   space 512K, 0% used [0x00000007db180000,0x00000007db180000,0x00000007db200000)
 ParOldGen       total 86016K, used 8955K [0x0000000781c00000, 0x0000000787000000, 0x00000007d5e80000)
  object space 86016K, 10% used [0x0000000781c00000,0x00000007824beed8,0x0000000787000000)
 PSPermGen       total 21504K, used 9538K [0x000000077ca00000, 0x000000077df00000, 0x0000000781c00000)
  object space 21504K, 44% used [0x000000077ca00000,0x000000077d350a20,0x000000077df00000)
Event: 27.099 GC heap after
Heap after GC invocations=65 (full 0):
 PSYoungGen      total 29696K, used 96K [0x00000007d5e80000, 0x00000007db280000, 0x0000000800000000)
  eden space 29184K, 0% used [0x00000007d5e80000,0x00000007d5e80000,0x00000007d7b00000)
  from space 512K, 18% used [0x00000007db180000,0x00000007db198000,0x00000007db200000)
  to   space 512K, 0% used [0x00000007db200000,0x00000007db200000,0x00000007db280000)
 ParOldGen       total 86016K, used 8955K [0x0000000781c00000, 0x0000000787000000, 0x00000007d5e80000)
  object space 86016K, 10% used [0x0000000781c00000,0x00000007824beed8,0x0000000787000000)
 PSPermGen       total 21504K, used 9538K [0x000000077ca00000, 0x000000077df00000, 0x0000000781c00000)
  object space 21504K, 44% used [0x000000077ca00000,0x000000077d350a20,0x000000077df00000)
}

